<?xml version="1.0" encoding="UTF-8"?>
<robot generator="Robot 3.1 (Python 3.6.3 on win32)" generated="20190413 23:05:00.640" rpa="false">
<suite id="s1" name="Test1" source="D:\python-homework\RFTESTS\test1.robot">
<test id="s1-t1" name="百度搜索">
<kw name="打开百度">
<kw name="Open Browser" library="Selenium2Library">
<doc>Opens a new browser instance to the given ``url``.</doc>
<arguments>
<arg>http://www.baidu.com</arg>
<arg>chrome</arg>
</arguments>
<msg timestamp="20190413 23:05:00.882" level="INFO">Opening browser 'chrome' to base url 'http://www.baidu.com'.</msg>
<status status="PASS" starttime="20190413 23:05:00.882" endtime="20190413 23:05:03.333"></status>
</kw>
<kw name="Maximize Browser Window" library="Selenium2Library">
<doc>Maximizes current browser window.</doc>
<status status="PASS" starttime="20190413 23:05:03.333" endtime="20190413 23:05:04.484"></status>
</kw>
<status status="PASS" starttime="20190413 23:05:00.881" endtime="20190413 23:05:04.484"></status>
</kw>
<kw name="输入关键字">
<kw name="Input Text" library="Selenium2Library">
<doc>Types the given ``text`` into text field identified by ``locator``.</doc>
<arguments>
<arg>id:kw</arg>
<arg>helloworld</arg>
</arguments>
<msg timestamp="20190413 23:05:04.485" level="INFO">Typing text 'helloworld' into text field 'id:kw'.</msg>
<status status="PASS" starttime="20190413 23:05:04.485" endtime="20190413 23:05:04.614"></status>
</kw>
<kw name="Capture Page Screenshot" library="Selenium2Library">
<doc>Takes screenshot of the current page and embeds it into log file.</doc>
<arguments>
<arg>filename=helloworld.png</arg>
</arguments>
<msg timestamp="20190413 23:05:04.979" level="INFO" html="yes">&lt;/td&gt;&lt;/tr&gt;&lt;tr&gt;&lt;td colspan="3"&gt;&lt;a href="helloworld.png"&gt;&lt;img src="helloworld.png" width="800px"&gt;&lt;/a&gt;</msg>
<status status="PASS" starttime="20190413 23:05:04.614" endtime="20190413 23:05:04.979"></status>
</kw>
<status status="PASS" starttime="20190413 23:05:04.485" endtime="20190413 23:05:04.979"></status>
</kw>
<kw name="Close Browser" library="Selenium2Library">
<doc>Closes the current browser.</doc>
<status status="PASS" starttime="20190413 23:05:04.980" endtime="20190413 23:05:07.167"></status>
</kw>
<status status="PASS" starttime="20190413 23:05:00.880" endtime="20190413 23:05:07.169" critical="yes"></status>
</test>
<status status="PASS" starttime="20190413 23:05:00.643" endtime="20190413 23:05:07.175"></status>
</suite>
<statistics>
<total>
<stat pass="1" fail="0">Critical Tests</stat>
<stat pass="1" fail="0">All Tests</stat>
</total>
<tag>
</tag>
<suite>
<stat pass="1" fail="0" id="s1" name="Test1">Test1</stat>
</suite>
</statistics>
<errors>
</errors>
</robot>
